<?xml version="1.0" encoding="UTF-8"?>
<!-- Generated by org.testng.reporters.JUnitReportReporter -->
<testsuite hostname="DESKTOP-99N73JI" failures="0" tests="1" name="tc.tchompage" time="7.001" errors="0" timestamp="2021-01-28T15:04:21 IST" skipped="0">
  <testcase classname="tc.tchompage" name="verify" time="7.001"/>
  <system-out/>
</testsuite> <!-- tc.tchompage -->
